Performing C SOURCE FILE Test C_M32or64 failed with the following output:
Change Dir: /home/josep_maria/Kratos/applications/SolversApplication/external_libraries/pastix-lib/pastix/CMakeFiles/CMakeTmp

Run Build Command:"/usr/bin/make" "cmTC_ca0e8/fast"
/usr/bin/make -f CMakeFiles/cmTC_ca0e8.dir/build.make CMakeFiles/cmTC_ca0e8.dir/build
make[1]: Entering directory '/home/josep_maria/Kratos/applications/SolversApplication/external_libraries/pastix-lib/pastix/CMakeFiles/CMakeTmp'
Building C object CMakeFiles/cmTC_ca0e8.dir/src.c.o
/usr/bin/gcc   -msse3 -DC_M32or64   -m32 -o CMakeFiles/cmTC_ca0e8.dir/src.c.o   -c /home/josep_maria/Kratos/applications/SolversApplication/external_libraries/pastix-lib/pastix/CMakeFiles/CMakeTmp/src.c
Linking C executable cmTC_ca0e8
/usr/bin/cmake -E cmake_link_script CMakeFiles/cmTC_ca0e8.dir/link.txt --verbose=1
/usr/bin/gcc  -msse3 -DC_M32or64    -rdynamic CMakeFiles/cmTC_ca0e8.dir/src.c.o  -o cmTC_ca0e8 
/usr/bin/ld: i386 architecture of input file `CMakeFiles/cmTC_ca0e8.dir/src.c.o' is incompatible with i386:x86-64 output
collect2: error: ld returned 1 exit status
CMakeFiles/cmTC_ca0e8.dir/build.make:97: recipe for target 'cmTC_ca0e8' failed
make[1]: *** [cmTC_ca0e8] Error 1
make[1]: Leaving directory '/home/josep_maria/Kratos/applications/SolversApplication/external_libraries/pastix-lib/pastix/CMakeFiles/CMakeTmp'
Makefile:126: recipe for target 'cmTC_ca0e8/fast' failed
make: *** [cmTC_ca0e8/fast] Error 2

Source file was:
int main(void) { return 0; }
Performing C SOURCE FILE Test HAVE_ATOMIC_GCC_128_BUILTINS failed with the following output:
Change Dir: /home/josep_maria/Kratos/applications/SolversApplication/external_libraries/pastix-lib/pastix/CMakeFiles/CMakeTmp

Run Build Command:"/usr/bin/make" "cmTC_708f3/fast"
/usr/bin/make -f CMakeFiles/cmTC_708f3.dir/build.make CMakeFiles/cmTC_708f3.dir/build
make[1]: Entering directory '/home/josep_maria/Kratos/applications/SolversApplication/external_libraries/pastix-lib/pastix/CMakeFiles/CMakeTmp'
Building C object CMakeFiles/cmTC_708f3.dir/src.c.o
/usr/bin/gcc   -msse3  -Wall -Wextra -DHAVE_ATOMIC_GCC_128_BUILTINS   -o CMakeFiles/cmTC_708f3.dir/src.c.o   -c /home/josep_maria/Kratos/applications/SolversApplication/external_libraries/pastix-lib/pastix/CMakeFiles/CMakeTmp/src.c
/home/josep_maria/Kratos/applications/SolversApplication/external_libraries/pastix-lib/pastix/CMakeFiles/CMakeTmp/src.c: In function ‘main’:
/home/josep_maria/Kratos/applications/SolversApplication/external_libraries/pastix-lib/pastix/CMakeFiles/CMakeTmp/src.c:3:23: warning: unused parameter ‘argc’ [-Wunused-parameter]
         int main( int argc, char** argv ) {
                       ^~~~
/home/josep_maria/Kratos/applications/SolversApplication/external_libraries/pastix-lib/pastix/CMakeFiles/CMakeTmp/src.c:3:36: warning: unused parameter ‘argv’ [-Wunused-parameter]
         int main( int argc, char** argv ) {
                                    ^~~~
Linking C executable cmTC_708f3
/usr/bin/cmake -E cmake_link_script CMakeFiles/cmTC_708f3.dir/link.txt --verbose=1
/usr/bin/gcc  -msse3  -Wall -Wextra -DHAVE_ATOMIC_GCC_128_BUILTINS    -rdynamic CMakeFiles/cmTC_708f3.dir/src.c.o  -o cmTC_708f3 
CMakeFiles/cmTC_708f3.dir/src.c.o: In function `main':
src.c:(.text+0x4d): undefined reference to `__sync_bool_compare_and_swap_16'
collect2: error: ld returned 1 exit status
CMakeFiles/cmTC_708f3.dir/build.make:97: recipe for target 'cmTC_708f3' failed
make[1]: *** [cmTC_708f3] Error 1
make[1]: Leaving directory '/home/josep_maria/Kratos/applications/SolversApplication/external_libraries/pastix-lib/pastix/CMakeFiles/CMakeTmp'
Makefile:126: recipe for target 'cmTC_708f3/fast' failed
make: *** [cmTC_708f3/fast] Error 2

Source file was:

        #include <stdint.h>
        int main( int argc, char** argv ) {
            __int128_t where = 0;
            if( !__sync_bool_compare_and_swap(&where, 0, 1))
                return -1;
            return 0;
        }
        
Performing C SOURCE FILE Test HAVE_ATOMIC_XLC_32_BUILTINS failed with the following output:
Change Dir: /home/josep_maria/Kratos/applications/SolversApplication/external_libraries/pastix-lib/pastix/CMakeFiles/CMakeTmp

Run Build Command:"/usr/bin/make" "cmTC_26c35/fast"
/usr/bin/make -f CMakeFiles/cmTC_26c35.dir/build.make CMakeFiles/cmTC_26c35.dir/build
make[1]: Entering directory '/home/josep_maria/Kratos/applications/SolversApplication/external_libraries/pastix-lib/pastix/CMakeFiles/CMakeTmp'
Building C object CMakeFiles/cmTC_26c35.dir/src.c.o
/usr/bin/gcc   -msse3  -Wall -Wextra -mcx16 -DHAVE_ATOMIC_XLC_32_BUILTINS   -o CMakeFiles/cmTC_26c35.dir/src.c.o   -c /home/josep_maria/Kratos/applications/SolversApplication/external_libraries/pastix-lib/pastix/CMakeFiles/CMakeTmp/src.c
/home/josep_maria/Kratos/applications/SolversApplication/external_libraries/pastix-lib/pastix/CMakeFiles/CMakeTmp/src.c: In function ‘main’:
/home/josep_maria/Kratos/applications/SolversApplication/external_libraries/pastix-lib/pastix/CMakeFiles/CMakeTmp/src.c:8:15: warning: implicit declaration of function ‘__compare_and_swap’; did you mean ‘__sync_val_compare_and_swap’? [-Wimplicit-function-declaration]
          if (!__compare_and_swap(&where, &old, 1))
               ^~~~~~~~~~~~~~~~~~
               __sync_val_compare_and_swap
/home/josep_maria/Kratos/applications/SolversApplication/external_libraries/pastix-lib/pastix/CMakeFiles/CMakeTmp/src.c:4:21: warning: unused parameter ‘argc’ [-Wunused-parameter]
       int main( int argc, char** argv)
                     ^~~~
/home/josep_maria/Kratos/applications/SolversApplication/external_libraries/pastix-lib/pastix/CMakeFiles/CMakeTmp/src.c:4:34: warning: unused parameter ‘argv’ [-Wunused-parameter]
       int main( int argc, char** argv)
                                  ^~~~
Linking C executable cmTC_26c35
/usr/bin/cmake -E cmake_link_script CMakeFiles/cmTC_26c35.dir/link.txt --verbose=1
/usr/bin/gcc  -msse3  -Wall -Wextra -mcx16 -DHAVE_ATOMIC_XLC_32_BUILTINS    -rdynamic CMakeFiles/cmTC_26c35.dir/src.c.o  -o cmTC_26c35 
CMakeFiles/cmTC_26c35.dir/src.c.o: In function `main':
src.c:(.text+0x44): undefined reference to `__compare_and_swap'
collect2: error: ld returned 1 exit status
CMakeFiles/cmTC_26c35.dir/build.make:97: recipe for target 'cmTC_26c35' failed
make[1]: *** [cmTC_26c35] Error 1
make[1]: Leaving directory '/home/josep_maria/Kratos/applications/SolversApplication/external_libraries/pastix-lib/pastix/CMakeFiles/CMakeTmp'
Makefile:126: recipe for target 'cmTC_26c35/fast' failed
make: *** [cmTC_26c35/fast] Error 2

Source file was:

      #include <stdint.h>

      int main( int argc, char** argv)
      {
         int32_t where = 0, old = where;

         if (!__compare_and_swap(&where, &old, 1))
            return -1;

         return 0;
      }
      
Performing C SOURCE FILE Test HAVE_ATOMIC_MIPOSPRO_32_BUILTINS failed with the following output:
Change Dir: /home/josep_maria/Kratos/applications/SolversApplication/external_libraries/pastix-lib/pastix/CMakeFiles/CMakeTmp

Run Build Command:"/usr/bin/make" "cmTC_d7e49/fast"
/usr/bin/make -f CMakeFiles/cmTC_d7e49.dir/build.make CMakeFiles/cmTC_d7e49.dir/build
make[1]: Entering directory '/home/josep_maria/Kratos/applications/SolversApplication/external_libraries/pastix-lib/pastix/CMakeFiles/CMakeTmp'
Building C object CMakeFiles/cmTC_d7e49.dir/src.c.o
/usr/bin/gcc   -msse3  -Wall -Wextra -mcx16 -DHAVE_ATOMIC_MIPOSPRO_32_BUILTINS   -o CMakeFiles/cmTC_d7e49.dir/src.c.o   -c /home/josep_maria/Kratos/applications/SolversApplication/external_libraries/pastix-lib/pastix/CMakeFiles/CMakeTmp/src.c
/home/josep_maria/Kratos/applications/SolversApplication/external_libraries/pastix-lib/pastix/CMakeFiles/CMakeTmp/src.c: In function ‘main’:
/home/josep_maria/Kratos/applications/SolversApplication/external_libraries/pastix-lib/pastix/CMakeFiles/CMakeTmp/src.c:4:7: error: parameter name omitted
       int main(int, const char**)
       ^~~
/home/josep_maria/Kratos/applications/SolversApplication/external_libraries/pastix-lib/pastix/CMakeFiles/CMakeTmp/src.c:4:7: error: parameter name omitted
/home/josep_maria/Kratos/applications/SolversApplication/external_libraries/pastix-lib/pastix/CMakeFiles/CMakeTmp/src.c:7:15: warning: implicit declaration of function ‘__sync_compare_and_swap’; did you mean ‘__sync_val_compare_and_swap’? [-Wimplicit-function-declaration]
          if (!__sync_compare_and_swap(&where, 0, 1))
               ^~~~~~~~~~~~~~~~~~~~~~~
               __sync_val_compare_and_swap
CMakeFiles/cmTC_d7e49.dir/build.make:65: recipe for target 'CMakeFiles/cmTC_d7e49.dir/src.c.o' failed
make[1]: *** [CMakeFiles/cmTC_d7e49.dir/src.c.o] Error 1
make[1]: Leaving directory '/home/josep_maria/Kratos/applications/SolversApplication/external_libraries/pastix-lib/pastix/CMakeFiles/CMakeTmp'
Makefile:126: recipe for target 'cmTC_d7e49/fast' failed
make: *** [cmTC_d7e49/fast] Error 2

Source file was:

      #include <stdint.h>

      int main(int, const char**)
      {
         uint32_t where  = 0;
         if (!__sync_compare_and_swap(&where, 0, 1))
            return -1;

         return 0;
      }
      
Performing C SOURCE FILE Test HAVE_ATOMIC_SUN_32 failed with the following output:
Change Dir: /home/josep_maria/Kratos/applications/SolversApplication/external_libraries/pastix-lib/pastix/CMakeFiles/CMakeTmp

Run Build Command:"/usr/bin/make" "cmTC_66174/fast"
/usr/bin/make -f CMakeFiles/cmTC_66174.dir/build.make CMakeFiles/cmTC_66174.dir/build
make[1]: Entering directory '/home/josep_maria/Kratos/applications/SolversApplication/external_libraries/pastix-lib/pastix/CMakeFiles/CMakeTmp'
Building C object CMakeFiles/cmTC_66174.dir/src.c.o
/usr/bin/gcc   -msse3  -Wall -Wextra -mcx16 -DHAVE_ATOMIC_SUN_32   -o CMakeFiles/cmTC_66174.dir/src.c.o   -c /home/josep_maria/Kratos/applications/SolversApplication/external_libraries/pastix-lib/pastix/CMakeFiles/CMakeTmp/src.c
/home/josep_maria/Kratos/applications/SolversApplication/external_libraries/pastix-lib/pastix/CMakeFiles/CMakeTmp/src.c:2:16: fatal error: atomic.h: El fitxer o directori no existeix
       #include <atomic.h>
                ^~~~~~~~~~
compilation terminated.
CMakeFiles/cmTC_66174.dir/build.make:65: recipe for target 'CMakeFiles/cmTC_66174.dir/src.c.o' failed
make[1]: *** [CMakeFiles/cmTC_66174.dir/src.c.o] Error 1
make[1]: Leaving directory '/home/josep_maria/Kratos/applications/SolversApplication/external_libraries/pastix-lib/pastix/CMakeFiles/CMakeTmp'
Makefile:126: recipe for target 'cmTC_66174/fast' failed
make: *** [cmTC_66174/fast] Error 2

Source file was:

      #include <atomic.h>
      #include <stdint.h>

      int main(int, const char**)
      {
         uint_t where = 0;
         if (0 != atomic_cas_uint(&where, 0, 1))
            return -1;

         return 0;
      }
      
Determining if the pthread_create exist failed with the following output:
Change Dir: /home/josep_maria/Kratos/applications/SolversApplication/external_libraries/pastix-lib/pastix/CMakeFiles/CMakeTmp

Run Build Command:"/usr/bin/make" "cmTC_575ac/fast"
/usr/bin/make -f CMakeFiles/cmTC_575ac.dir/build.make CMakeFiles/cmTC_575ac.dir/build
make[1]: Entering directory '/home/josep_maria/Kratos/applications/SolversApplication/external_libraries/pastix-lib/pastix/CMakeFiles/CMakeTmp'
Building C object CMakeFiles/cmTC_575ac.dir/CheckSymbolExists.c.o
/usr/bin/gcc   -msse3 -Wall -Wextra -mcx16    -o CMakeFiles/cmTC_575ac.dir/CheckSymbolExists.c.o   -c /home/josep_maria/Kratos/applications/SolversApplication/external_libraries/pastix-lib/pastix/CMakeFiles/CMakeTmp/CheckSymbolExists.c
Linking C executable cmTC_575ac
/usr/bin/cmake -E cmake_link_script CMakeFiles/cmTC_575ac.dir/link.txt --verbose=1
/usr/bin/gcc  -msse3 -Wall -Wextra -mcx16     -rdynamic CMakeFiles/cmTC_575ac.dir/CheckSymbolExists.c.o  -o cmTC_575ac 
CMakeFiles/cmTC_575ac.dir/CheckSymbolExists.c.o: In function `main':
CheckSymbolExists.c:(.text+0x1b): undefined reference to `pthread_create'
collect2: error: ld returned 1 exit status
CMakeFiles/cmTC_575ac.dir/build.make:97: recipe for target 'cmTC_575ac' failed
make[1]: *** [cmTC_575ac] Error 1
make[1]: Leaving directory '/home/josep_maria/Kratos/applications/SolversApplication/external_libraries/pastix-lib/pastix/CMakeFiles/CMakeTmp'
Makefile:126: recipe for target 'cmTC_575ac/fast' failed
make: *** [cmTC_575ac/fast] Error 2

File /home/josep_maria/Kratos/applications/SolversApplication/external_libraries/pastix-lib/pastix/CMakeFiles/CMakeTmp/CheckSymbolExists.c:
/* */
#include <pthread.h>

int main(int argc, char** argv)
{
  (void)argv;
#ifndef pthread_create
  return ((int*)(&pthread_create))[argc];
#else
  (void)argc;
  return 0;
#endif
}

Determining if the function pthread_create exists in the pthreads failed with the following output:
Change Dir: /home/josep_maria/Kratos/applications/SolversApplication/external_libraries/pastix-lib/pastix/CMakeFiles/CMakeTmp

Run Build Command:"/usr/bin/make" "cmTC_68344/fast"
/usr/bin/make -f CMakeFiles/cmTC_68344.dir/build.make CMakeFiles/cmTC_68344.dir/build
make[1]: Entering directory '/home/josep_maria/Kratos/applications/SolversApplication/external_libraries/pastix-lib/pastix/CMakeFiles/CMakeTmp'
Building C object CMakeFiles/cmTC_68344.dir/CheckFunctionExists.c.o
/usr/bin/gcc   -msse3 -Wall -Wextra -mcx16 -DCHECK_FUNCTION_EXISTS=pthread_create   -o CMakeFiles/cmTC_68344.dir/CheckFunctionExists.c.o   -c /usr/share/cmake-3.10/Modules/CheckFunctionExists.c
Linking C executable cmTC_68344
/usr/bin/cmake -E cmake_link_script CMakeFiles/cmTC_68344.dir/link.txt --verbose=1
/usr/bin/gcc  -msse3 -Wall -Wextra -mcx16 -DCHECK_FUNCTION_EXISTS=pthread_create    -rdynamic CMakeFiles/cmTC_68344.dir/CheckFunctionExists.c.o  -o cmTC_68344 -lpthreads 
/usr/bin/ld: cannot find -lpthreads
collect2: error: ld returned 1 exit status
CMakeFiles/cmTC_68344.dir/build.make:97: recipe for target 'cmTC_68344' failed
make[1]: *** [cmTC_68344] Error 1
make[1]: Leaving directory '/home/josep_maria/Kratos/applications/SolversApplication/external_libraries/pastix-lib/pastix/CMakeFiles/CMakeTmp'
Makefile:126: recipe for target 'cmTC_68344/fast' failed
make: *** [cmTC_68344/fast] Error 2


Determining if the RUSAGE_THREAD exist failed with the following output:
Change Dir: /home/josep_maria/Kratos/applications/SolversApplication/external_libraries/pastix-lib/pastix/CMakeFiles/CMakeTmp

Run Build Command:"/usr/bin/make" "cmTC_6ea60/fast"
/usr/bin/make -f CMakeFiles/cmTC_6ea60.dir/build.make CMakeFiles/cmTC_6ea60.dir/build
make[1]: Entering directory '/home/josep_maria/Kratos/applications/SolversApplication/external_libraries/pastix-lib/pastix/CMakeFiles/CMakeTmp'
Building C object CMakeFiles/cmTC_6ea60.dir/CheckSymbolExists.c.o
/usr/bin/gcc   -msse3 -Wall -Wextra -mcx16    -o CMakeFiles/cmTC_6ea60.dir/CheckSymbolExists.c.o   -c /home/josep_maria/Kratos/applications/SolversApplication/external_libraries/pastix-lib/pastix/CMakeFiles/CMakeTmp/CheckSymbolExists.c
/home/josep_maria/Kratos/applications/SolversApplication/external_libraries/pastix-lib/pastix/CMakeFiles/CMakeTmp/CheckSymbolExists.c: In function ‘main’:
/home/josep_maria/Kratos/applications/SolversApplication/external_libraries/pastix-lib/pastix/CMakeFiles/CMakeTmp/CheckSymbolExists.c:8:19: error: ‘RUSAGE_THREAD’ undeclared (first use in this function); did you mean ‘RUSAGE_SELF’?
   return ((int*)(&RUSAGE_THREAD))[argc];
                   ^~~~~~~~~~~~~
                   RUSAGE_SELF
/home/josep_maria/Kratos/applications/SolversApplication/external_libraries/pastix-lib/pastix/CMakeFiles/CMakeTmp/CheckSymbolExists.c:8:19: note: each undeclared identifier is reported only once for each function it appears in
/home/josep_maria/Kratos/applications/SolversApplication/external_libraries/pastix-lib/pastix/CMakeFiles/CMakeTmp/CheckSymbolExists.c:4:14: warning: parameter ‘argc’ set but not used [-Wunused-but-set-parameter]
 int main(int argc, char** argv)
              ^~~~
CMakeFiles/cmTC_6ea60.dir/build.make:65: recipe for target 'CMakeFiles/cmTC_6ea60.dir/CheckSymbolExists.c.o' failed
make[1]: *** [CMakeFiles/cmTC_6ea60.dir/CheckSymbolExists.c.o] Error 1
make[1]: Leaving directory '/home/josep_maria/Kratos/applications/SolversApplication/external_libraries/pastix-lib/pastix/CMakeFiles/CMakeTmp'
Makefile:126: recipe for target 'cmTC_6ea60/fast' failed
make: *** [cmTC_6ea60/fast] Error 2

File /home/josep_maria/Kratos/applications/SolversApplication/external_libraries/pastix-lib/pastix/CMakeFiles/CMakeTmp/CheckSymbolExists.c:
/* */
#include <sys/resource.h>

int main(int argc, char** argv)
{
  (void)argv;
#ifndef RUSAGE_THREAD
  return ((int*)(&RUSAGE_THREAD))[argc];
#else
  (void)argc;
  return 0;
#endif
}

Determining if the function CHEEV_ exists failed with the following output:
Change Dir: /home/josep_maria/Kratos/applications/SolversApplication/external_libraries/pastix-lib/pastix/CMakeFiles/CMakeTmp

Run Build Command:"/usr/bin/make" "cmTC_b60e1/fast"
/usr/bin/make -f CMakeFiles/cmTC_b60e1.dir/build.make CMakeFiles/cmTC_b60e1.dir/build
make[1]: Entering directory '/home/josep_maria/Kratos/applications/SolversApplication/external_libraries/pastix-lib/pastix/CMakeFiles/CMakeTmp'
Building C object CMakeFiles/cmTC_b60e1.dir/CheckFunctionExists.c.o
/usr/bin/gcc  -I/usr/include/x86_64-linux-gnu  -msse3 -Wall -Wextra -mcx16 -DCHECK_FUNCTION_EXISTS=CHEEV_   -o CMakeFiles/cmTC_b60e1.dir/CheckFunctionExists.c.o   -c /usr/share/cmake-3.10/Modules/CheckFunctionExists.c
Linking C executable cmTC_b60e1
/usr/bin/cmake -E cmake_link_script CMakeFiles/cmTC_b60e1.dir/link.txt --verbose=1
/usr/bin/gcc  -msse3 -Wall -Wextra -mcx16 -DCHECK_FUNCTION_EXISTS=CHEEV_    -rdynamic CMakeFiles/cmTC_b60e1.dir/CheckFunctionExists.c.o  -o cmTC_b60e1 /usr/lib/x86_64-linux-gnu/libopenblas.so 
CMakeFiles/cmTC_b60e1.dir/CheckFunctionExists.c.o: In function `main':
CheckFunctionExists.c:(.text+0x10): undefined reference to `CHEEV_'
collect2: error: ld returned 1 exit status
CMakeFiles/cmTC_b60e1.dir/build.make:98: recipe for target 'cmTC_b60e1' failed
make[1]: *** [cmTC_b60e1] Error 1
make[1]: Leaving directory '/home/josep_maria/Kratos/applications/SolversApplication/external_libraries/pastix-lib/pastix/CMakeFiles/CMakeTmp'
Makefile:126: recipe for target 'cmTC_b60e1/fast' failed
make: *** [cmTC_b60e1/fast] Error 2


Determining if the function LAPACKE_dgeqrf exists failed with the following output:
Change Dir: /home/josep_maria/Kratos/applications/SolversApplication/external_libraries/pastix-lib/pastix/CMakeFiles/CMakeTmp

Run Build Command:"/usr/bin/make" "cmTC_16663/fast"
/usr/bin/make -f CMakeFiles/cmTC_16663.dir/build.make CMakeFiles/cmTC_16663.dir/build
make[1]: Entering directory '/home/josep_maria/Kratos/applications/SolversApplication/external_libraries/pastix-lib/pastix/CMakeFiles/CMakeTmp'
Building C object CMakeFiles/cmTC_16663.dir/CheckFunctionExists.c.o
/usr/bin/gcc  -I/usr/include/x86_64-linux-gnu  -msse3 -Wall -Wextra -mcx16 -DCHECK_FUNCTION_EXISTS=LAPACKE_dgeqrf   -o CMakeFiles/cmTC_16663.dir/CheckFunctionExists.c.o   -c /usr/share/cmake-3.10/Modules/CheckFunctionExists.c
Linking C executable cmTC_16663
/usr/bin/cmake -E cmake_link_script CMakeFiles/cmTC_16663.dir/link.txt --verbose=1
/usr/bin/gcc  -msse3 -Wall -Wextra -mcx16 -DCHECK_FUNCTION_EXISTS=LAPACKE_dgeqrf    -rdynamic CMakeFiles/cmTC_16663.dir/CheckFunctionExists.c.o  -o cmTC_16663 /usr/lib/x86_64-linux-gnu/libopenblas.so /usr/lib/x86_64-linux-gnu/libopenblas.so 
CMakeFiles/cmTC_16663.dir/CheckFunctionExists.c.o: In function `main':
CheckFunctionExists.c:(.text+0x10): undefined reference to `LAPACKE_dgeqrf'
collect2: error: ld returned 1 exit status
CMakeFiles/cmTC_16663.dir/build.make:99: recipe for target 'cmTC_16663' failed
make[1]: *** [cmTC_16663] Error 1
make[1]: Leaving directory '/home/josep_maria/Kratos/applications/SolversApplication/external_libraries/pastix-lib/pastix/CMakeFiles/CMakeTmp'
Makefile:126: recipe for target 'cmTC_16663/fast' failed
make: *** [cmTC_16663/fast] Error 2


Determining if the function LAPACKE_dlascl_work exists failed with the following output:
Change Dir: /home/josep_maria/Kratos/applications/SolversApplication/external_libraries/pastix-lib/pastix/CMakeFiles/CMakeTmp

Run Build Command:"/usr/bin/make" "cmTC_8b716/fast"
/usr/bin/make -f CMakeFiles/cmTC_8b716.dir/build.make CMakeFiles/cmTC_8b716.dir/build
make[1]: Entering directory '/home/josep_maria/Kratos/applications/SolversApplication/external_libraries/pastix-lib/pastix/CMakeFiles/CMakeTmp'
Building C object CMakeFiles/cmTC_8b716.dir/CheckFunctionExists.c.o
/usr/bin/gcc  -I/usr/include/x86_64-linux-gnu  -msse3 -Wall -Wextra -mcx16 -DCHECK_FUNCTION_EXISTS=LAPACKE_dlascl_work   -o CMakeFiles/cmTC_8b716.dir/CheckFunctionExists.c.o   -c /usr/share/cmake-3.10/Modules/CheckFunctionExists.c
Linking C executable cmTC_8b716
/usr/bin/cmake -E cmake_link_script CMakeFiles/cmTC_8b716.dir/link.txt --verbose=1
/usr/bin/gcc  -msse3 -Wall -Wextra -mcx16 -DCHECK_FUNCTION_EXISTS=LAPACKE_dlascl_work    -rdynamic CMakeFiles/cmTC_8b716.dir/CheckFunctionExists.c.o  -o cmTC_8b716 /usr/lib/x86_64-linux-gnu/libopenblas.so /usr/lib/x86_64-linux-gnu/libopenblas.so 
CMakeFiles/cmTC_8b716.dir/CheckFunctionExists.c.o: In function `main':
CheckFunctionExists.c:(.text+0x10): undefined reference to `LAPACKE_dlascl_work'
collect2: error: ld returned 1 exit status
CMakeFiles/cmTC_8b716.dir/build.make:99: recipe for target 'cmTC_8b716' failed
make[1]: *** [cmTC_8b716] Error 1
make[1]: Leaving directory '/home/josep_maria/Kratos/applications/SolversApplication/external_libraries/pastix-lib/pastix/CMakeFiles/CMakeTmp'
Makefile:126: recipe for target 'cmTC_8b716/fast' failed
make: *** [cmTC_8b716/fast] Error 2


Performing C SOURCE FILE Test SCOTCH_Num_8 failed with the following output:
Change Dir: /home/josep_maria/Kratos/applications/SolversApplication/external_libraries/pastix-lib/pastix/CMakeFiles/CMakeTmp

Run Build Command:"/usr/bin/make" "cmTC_c4bb6/fast"
/usr/bin/make -f CMakeFiles/cmTC_c4bb6.dir/build.make CMakeFiles/cmTC_c4bb6.dir/build
make[1]: Entering directory '/home/josep_maria/Kratos/applications/SolversApplication/external_libraries/pastix-lib/pastix/CMakeFiles/CMakeTmp'
Building C object CMakeFiles/cmTC_c4bb6.dir/src.c.o
/usr/bin/gcc  -I/usr/include/scotch  -msse3 -Wall -Wextra -mcx16 -DSCOTCH_Num_8   -o CMakeFiles/cmTC_c4bb6.dir/src.c.o   -c /home/josep_maria/Kratos/applications/SolversApplication/external_libraries/pastix-lib/pastix/CMakeFiles/CMakeTmp/src.c
/home/josep_maria/Kratos/applications/SolversApplication/external_libraries/pastix-lib/pastix/CMakeFiles/CMakeTmp/src.c: In function ‘main’:
/home/josep_maria/Kratos/applications/SolversApplication/external_libraries/pastix-lib/pastix/CMakeFiles/CMakeTmp/src.c:5:14: warning: unused parameter ‘argc’ [-Wunused-parameter]
 int main(int argc, char **argv) {
              ^~~~
/home/josep_maria/Kratos/applications/SolversApplication/external_libraries/pastix-lib/pastix/CMakeFiles/CMakeTmp/src.c:5:27: warning: unused parameter ‘argv’ [-Wunused-parameter]
 int main(int argc, char **argv) {
                           ^~~~
Linking C executable cmTC_c4bb6
/usr/bin/cmake -E cmake_link_script CMakeFiles/cmTC_c4bb6.dir/link.txt --verbose=1
/usr/bin/gcc  -msse3 -Wall -Wextra -mcx16 -DSCOTCH_Num_8    -rdynamic CMakeFiles/cmTC_c4bb6.dir/src.c.o  -o cmTC_c4bb6 
make[1]: Leaving directory '/home/josep_maria/Kratos/applications/SolversApplication/external_libraries/pastix-lib/pastix/CMakeFiles/CMakeTmp'

Return value: 1
Source file was:

#include <stdio.h>
#include <stdint.h>
#include <scotch.h>
int main(int argc, char **argv) {
  if (sizeof(SCOTCH_Num) == 8)
    return 0;
  else
    return 1;
}

Determining if the function LAPACKE_dgeqrf exists failed with the following output:
Change Dir: /home/josep_maria/Kratos/applications/SolversApplication/external_libraries/pastix-lib/pastix/CMakeFiles/CMakeTmp

Run Build Command:"/usr/bin/make" "cmTC_8a2b3/fast"
/usr/bin/make -f CMakeFiles/cmTC_8a2b3.dir/build.make CMakeFiles/cmTC_8a2b3.dir/build
make[1]: Entering directory '/home/josep_maria/Kratos/applications/SolversApplication/external_libraries/pastix-lib/pastix/CMakeFiles/CMakeTmp'
Building C object CMakeFiles/cmTC_8a2b3.dir/CheckFunctionExists.c.o
/usr/bin/gcc  -I/usr/include/x86_64-linux-gnu  -msse3 -Wall -Wextra -mcx16 -DCHECK_FUNCTION_EXISTS=LAPACKE_dgeqrf   -o CMakeFiles/cmTC_8a2b3.dir/CheckFunctionExists.c.o   -c /usr/share/cmake-3.10/Modules/CheckFunctionExists.c
Linking C executable cmTC_8a2b3
/usr/bin/cmake -E cmake_link_script CMakeFiles/cmTC_8a2b3.dir/link.txt --verbose=1
/usr/bin/gcc  -msse3 -Wall -Wextra -mcx16 -DCHECK_FUNCTION_EXISTS=LAPACKE_dgeqrf    -rdynamic CMakeFiles/cmTC_8a2b3.dir/CheckFunctionExists.c.o  -o cmTC_8a2b3 /usr/lib/x86_64-linux-gnu/libopenblas.so /usr/lib/x86_64-linux-gnu/libopenblas.so 
CMakeFiles/cmTC_8a2b3.dir/CheckFunctionExists.c.o: In function `main':
CheckFunctionExists.c:(.text+0x10): undefined reference to `LAPACKE_dgeqrf'
collect2: error: ld returned 1 exit status
CMakeFiles/cmTC_8a2b3.dir/build.make:99: recipe for target 'cmTC_8a2b3' failed
make[1]: *** [cmTC_8a2b3] Error 1
make[1]: Leaving directory '/home/josep_maria/Kratos/applications/SolversApplication/external_libraries/pastix-lib/pastix/CMakeFiles/CMakeTmp'
Makefile:126: recipe for target 'cmTC_8a2b3/fast' failed
make: *** [cmTC_8a2b3/fast] Error 2


Determining if the function LAPACKE_dlascl_work exists failed with the following output:
Change Dir: /home/josep_maria/Kratos/applications/SolversApplication/external_libraries/pastix-lib/pastix/CMakeFiles/CMakeTmp

Run Build Command:"/usr/bin/make" "cmTC_92606/fast"
/usr/bin/make -f CMakeFiles/cmTC_92606.dir/build.make CMakeFiles/cmTC_92606.dir/build
make[1]: Entering directory '/home/josep_maria/Kratos/applications/SolversApplication/external_libraries/pastix-lib/pastix/CMakeFiles/CMakeTmp'
Building C object CMakeFiles/cmTC_92606.dir/CheckFunctionExists.c.o
/usr/bin/gcc  -I/usr/include/x86_64-linux-gnu  -msse3 -Wall -Wextra -mcx16 -DCHECK_FUNCTION_EXISTS=LAPACKE_dlascl_work   -o CMakeFiles/cmTC_92606.dir/CheckFunctionExists.c.o   -c /usr/share/cmake-3.10/Modules/CheckFunctionExists.c
Linking C executable cmTC_92606
/usr/bin/cmake -E cmake_link_script CMakeFiles/cmTC_92606.dir/link.txt --verbose=1
/usr/bin/gcc  -msse3 -Wall -Wextra -mcx16 -DCHECK_FUNCTION_EXISTS=LAPACKE_dlascl_work    -rdynamic CMakeFiles/cmTC_92606.dir/CheckFunctionExists.c.o  -o cmTC_92606 /usr/lib/x86_64-linux-gnu/libopenblas.so /usr/lib/x86_64-linux-gnu/libopenblas.so 
CMakeFiles/cmTC_92606.dir/CheckFunctionExists.c.o: In function `main':
CheckFunctionExists.c:(.text+0x10): undefined reference to `LAPACKE_dlascl_work'
collect2: error: ld returned 1 exit status
CMakeFiles/cmTC_92606.dir/build.make:99: recipe for target 'cmTC_92606' failed
make[1]: *** [cmTC_92606] Error 1
make[1]: Leaving directory '/home/josep_maria/Kratos/applications/SolversApplication/external_libraries/pastix-lib/pastix/CMakeFiles/CMakeTmp'
Makefile:126: recipe for target 'cmTC_92606/fast' failed
make: *** [cmTC_92606/fast] Error 2


